<testsuites id="" name="" tests="16" failures="0" skipped="0" errors="0" time="7.463741">
<testsuite name="diagram-editor.spec.ts" timestamp="2025-05-29T11:56:52.778Z" hostname="chromium" tests="10" failures="0" skipped="0" time="12.539" errors="0">
<testcase name="Diagram Editor › should load the editor page successfully" classname="diagram-editor.spec.ts" time="1.191">
</testcase>
<testcase name="Diagram Editor › should have both Visual and Mermaid editor tabs" classname="diagram-editor.spec.ts" time="1.354">
</testcase>
<testcase name="Diagram Editor › should display React Flow visual editor" classname="diagram-editor.spec.ts" time="1.21">
</testcase>
<testcase name="Diagram Editor › should have interactive node palette" classname="diagram-editor.spec.ts" time="1.2">
</testcase>
<testcase name="Diagram Editor › should display Mermaid text editor" classname="diagram-editor.spec.ts" time="1.187">
</testcase>
<testcase name="Diagram Editor › should allow text input in Mermaid editor" classname="diagram-editor.spec.ts" time="1.296">
</testcase>
<testcase name="Diagram Editor › should have AI generation functionality" classname="diagram-editor.spec.ts" time="1.265">
</testcase>
<testcase name="Diagram Editor › should be responsive on different screen sizes" classname="diagram-editor.spec.ts" time="1.245">
</testcase>
<testcase name="Diagram Editor › should handle keyboard navigation" classname="diagram-editor.spec.ts" time="1.046">
</testcase>
<testcase name="Diagram Editor › should load without JavaScript errors" classname="diagram-editor.spec.ts" time="1.545">
</testcase>
</testsuite>
<testsuite name="homepage.spec.ts" timestamp="2025-05-29T11:56:52.778Z" hostname="chromium" tests="6" failures="0" skipped="0" time="6.15" errors="0">
<testcase name="Homepage › should load the homepage successfully" classname="homepage.spec.ts" time="0.869">
</testcase>
<testcase name="Homepage › should have working navigation links" classname="homepage.spec.ts" time="1.716">
</testcase>
<testcase name="Homepage › should be responsive on mobile devices" classname="homepage.spec.ts" time="0.825">
</testcase>
<testcase name="Homepage › should have proper meta tags for SEO" classname="homepage.spec.ts" time="0.772">
</testcase>
<testcase name="Homepage › should load without console errors" classname="homepage.spec.ts" time="1.337">
</testcase>
<testcase name="Homepage › should have accessible content" classname="homepage.spec.ts" time="0.631">
</testcase>
</testsuite>
</testsuites>